0 info it worked if it ends with ok
1 verbose cli [ 'C:\\Program Files\\nodejs\\node.exe',
1 verbose cli   'C:\\Program Files\\nodejs\\node_modules\\npm\\bin\\npm-cli.js',
1 verbose cli   'start' ]
2 info using npm@3.10.8
3 info using node@v6.9.1
4 verbose run-script [ 'prestart', 'start', 'poststart' ]
5 info lifecycle movie1line@0.0.0~prestart: movie1line@0.0.0
6 silly lifecycle movie1line@0.0.0~prestart: no script for prestart, continuing
7 info lifecycle movie1line@0.0.0~start: movie1line@0.0.0
8 verbose lifecycle movie1line@0.0.0~start: unsafe-perm in lifecycle true
9 verbose lifecycle movie1line@0.0.0~start: PATH: C:\Program Files\nodejs\node_modules\npm\bin\node-gyp-bin;C:\Users\SAmitabh\WebstormProjects\movie1line\node_modules\.bin;C:\MinGW1\bin;C:\MinGW1\libexec\gcc\x86_64-pc-mingw32\6.2.0;C:\MinGW\bin;C:\MinGW\libexec\gcc\i686-pc-mingw32\6.2.0;C:\MinGW\libexec\gcc\x86_64-pc-mingw32\6.2.0;C:\Users\SAmitabh\gcc\bin;C:\Users\SAmitabh\gcc\libexec\gcc\x86_64-pc-mingw32\6.2.0;C:\ProgramData\Oracle\Java\javapath;C:\Python27\;C:\Python27\Scripts;C:\Program Files\nodejs\;C:\Program Files (x86)\Git\cmd;C:\Program Files (x86)\Heroku\bin;C:\Program Files\MongoDB\Server\3.2\bin
10 verbose lifecycle movie1line@0.0.0~start: CWD: C:\Users\SAmitabh\WebstormProjects\movie1line
11 silly lifecycle movie1line@0.0.0~start: Args: [ '/d /s /c', 'node ./bin/www' ]
12 verbose stack Error: kill ENOSYS
12 verbose stack     at exports._errnoException (util.js:1026:11)
12 verbose stack     at process.kill (internal/process.js:172:13)
12 verbose stack     at process.listener (C:\Program Files\nodejs\node_modules\npm\node_modules\npmlog\node_modules\gauge\node_modules\signal-exit\index.js:86:15)
12 verbose stack     at emitNone (events.js:91:20)
12 verbose stack     at process.emit (events.js:185:7)
12 verbose stack     at processEmit (C:\Program Files\nodejs\node_modules\npm\node_modules\npmlog\node_modules\gauge\node_modules\signal-exit\index.js:146:32)
12 verbose stack     at processEmit (C:\Program Files\nodejs\node_modules\npm\node_modules\npm-registry-client\node_modules\npmlog\node_modules\gauge\node_modules\signal-exit\index.js:146:32)
12 verbose stack     at Signal.wrap.onsignal (internal/process.js:199:44)
13 verbose cwd C:\Users\SAmitabh\WebstormProjects\movie1line
14 error Windows_NT 6.3.9600
15 error argv "C:\\Program Files\\nodejs\\node.exe" "C:\\Program Files\\nodejs\\node_modules\\npm\\bin\\npm-cli.js" "start"
16 error node v6.9.1
17 error npm  v3.10.8
18 error code ENOSYS
19 error errno ENOSYS
20 error syscall kill
21 error kill ENOSYS
22 error If you need help, you may report this error at:
22 error     <https://github.com/npm/npm/issues>
23 verbose exit [ 1, true ]
